<?xml version="1.0" encoding="UTF-8"?>
<testsuite xmlns:xsi="http://www.w3.org/2001/XMLSchema-instance" xsi:noNamespaceSchemaLocation="https://maven.apache.org/surefire/maven-surefire-plugin/xsd/surefire-test-report.xsd" version="3.0.2" name="com.skillsync.skillsync.SkillsyncApplicationTests" time="1.525" tests="1" errors="0" skipped="0" failures="0">
  <properties>
[...]
</properties>
  <testcase name="contextLoads" classname="com.skillsync.skillsync.SkillsyncApplicationTests" time="0.405">
    <system-out><![CDATA[19:11:01.895 [main] INFO org.springframework.test.context.support.AnnotationConfigContextLoaderUtils -- Could not detect default configuration classes for test class [com.skillsync.skillsync.SkillsyncApplicationTests]: SkillsyncApplicationTests does not declare any static, non-private, non-final, nested classes annotated with @Configuration.
19:11:01.967 [main] INFO org.springframework.boot.test.context.SpringBootTestContextBootstrapper -- Found @SpringBootConfiguration com.skillsync.skillsync.SkillsyncApplication for test class com.skillsync.skillsync.SkillsyncApplicationTests
19:11:02.043 [main] INFO org.springframework.boot.devtools.restart.RestartApplicationListener -- Restart disabled due to context in which it is running

  .   ____          _            __ _ _
 /\\ / ___'_ __ _ _(_)_ __  __ _ \ \ \ \
( ( )\___ | '_ | '_| | '_ \/ _` | \ \ \ \
 \\/  ___)| |_)| | | | | || (_| |  ) ) ) )
  '  |____| .__|_| |_|_| |_\__, | / / / /
 =========|_|==============|___/=/_/_/_/

 :: Spring Boot ::               (v3.5.10)

2026-02-12T19:11:02.202-06:00  INFO 45941 --- [skillsync] [           main] c.s.skillsync.SkillsyncApplicationTests  : Starting SkillsyncApplicationTests using Java 22.0.1 with PID 45941 (started by evansanderson in /Users/evansanderson/Documents/MyProjects/skillsync-senior-seminar/backend-java)
2026-02-12T19:11:02.202-06:00  INFO 45941 --- [skillsync] [           main] c.s.skillsync.SkillsyncApplicationTests  : No active profile set, falling back to 1 default profile: "default"
2026-02-12T19:11:02.698-06:00 ERROR 45941 --- [skillsync] [           main] i.n.r.d.DnsServerAddressStreamProviders  : Unable to load io.netty.resolver.dns.macos.MacOSDnsServerAddressStreamProvider, fallback to system defaults. This may result in incorrect DNS resolutions on MacOS. Check whether you have a dependency on 'io.netty:netty-resolver-dns-native-macos'. Use DEBUG level to see the full stack: java.lang.UnsatisfiedLinkError: failed to load the required native library
2026-02-12T19:11:02.930-06:00  INFO 45941 --- [skillsync] [           main] c.s.skillsync.SkillsyncApplicationTests  : Started SkillsyncApplicationTests in 0.892 seconds (process running for 1.361)
]]></system-out>
    <system-err><![CDATA[Mockito is currently self-attaching to enable the inline-mock-maker. This will no longer work in future releases of the JDK. Please add Mockito as an agent to your build as described in Mockito's documentation: https://javadoc.io/doc/org.mockito/mockito-core/latest/org.mockito/org/mockito/Mockito.html#0.3
WARNING: A Java agent has been loaded dynamically (/Users/evansanderson/.m2/repository/net/bytebuddy/byte-buddy-agent/1.17.8/byte-buddy-agent-1.17.8.jar)
WARNING: If a serviceability tool is in use, please run with -XX:+EnableDynamicAgentLoading to hide this warning
WARNING: If a serviceability tool is not in use, please run with -Djdk.instrument.traceUsage for more information
WARNING: Dynamic loading of agents will be disallowed by default in a future release
]]></system-err>
  </testcase>
</testsuite>